{
  "stats": {
    "suites": 1,
    "tests": 3,
    "passes": 3,
    "pending": 0,
    "failures": 0,
    "start": "2022-07-22T07:56:24.167Z",
    "end": "2022-07-22T07:56:29.738Z",
    "duration": 5571,
    "testsRegistered": 3,
    "passPercent": 100,
    "pendingPercent": 0,
    "other": 0,
    "hasOther": false,
    "skipped": 0,
    "hasSkipped": false
  },
  "results": [
    {
      "uuid": "fbf552db-0822-4cb9-b8d4-b4677e5cd837",
      "title": "",
      "fullFile": "cypress\\e2e\\2-advanced-examples\\window.cy.js",
      "file": "cypress\\e2e\\2-advanced-examples\\window.cy.js",
      "beforeHooks": [],
      "afterHooks": [],
      "tests": [],
      "suites": [
        {
          "uuid": "5801bb94-a9af-4d74-9e25-ce04e185fae4",
          "title": "Window",
          "fullFile": "",
          "file": "",
          "beforeHooks": [],
          "afterHooks": [],
          "tests": [
            {
              "title": "cy.window() - get the global window object",
              "fullTitle": "Window cy.window() - get the global window object",
              "timedOut": null,
              "duration": 2272,
              "state": "passed",
              "speed": "fast",
              "pass": true,
              "fail": false,
              "pending": false,
              "context": null,
              "code": "// https://on.cypress.io/window\ncy.window().should('have.property', 'top');",
              "err": {},
              "uuid": "84af649f-9e20-478d-b0d2-435c9df4ed48",
              "parentUUID": "5801bb94-a9af-4d74-9e25-ce04e185fae4",
              "isHook": false,
              "skipped": false
            },
            {
              "title": "cy.document() - get the document object",
              "fullTitle": "Window cy.document() - get the document object",
              "timedOut": null,
              "duration": 436,
              "state": "passed",
              "speed": "fast",
              "pass": true,
              "fail": false,
              "pending": false,
              "context": null,
              "code": "// https://on.cypress.io/document\ncy.document().should('have.property', 'charset').and('eq', 'UTF-8');",
              "err": {},
              "uuid": "5d26459b-f15c-41bf-be44-7d8efa1cc908",
              "parentUUID": "5801bb94-a9af-4d74-9e25-ce04e185fae4",
              "isHook": false,
              "skipped": false
            },
            {
              "title": "cy.title() - get the title",
              "fullTitle": "Window cy.title() - get the title",
              "timedOut": null,
              "duration": 333,
              "state": "passed",
              "speed": "fast",
              "pass": true,
              "fail": false,
              "pending": false,
              "context": null,
              "code": "// https://on.cypress.io/title\ncy.title().should('include', 'Kitchen Sink');",
              "err": {},
              "uuid": "e95c6e76-2b33-4154-ba76-e2c73da30e40",
              "parentUUID": "5801bb94-a9af-4d74-9e25-ce04e185fae4",
              "isHook": false,
              "skipped": false
            }
          ],
          "suites": [],
          "passes": [
            "84af649f-9e20-478d-b0d2-435c9df4ed48",
            "5d26459b-f15c-41bf-be44-7d8efa1cc908",
            "e95c6e76-2b33-4154-ba76-e2c73da30e40"
          ],
          "failures": [],
          "pending": [],
          "skipped": [],
          "duration": 3041,
          "root": false,
          "rootEmpty": false,
          "_timeout": 2000
        }
      ],
      "passes": [],
      "failures": [],
      "pending": [],
      "skipped": [],
      "duration": 0,
      "root": true,
      "rootEmpty": true,
      "_timeout": 2000
    }
  ],
  "meta": {
    "mocha": {
      "version": "7.0.1"
    },
    "mochawesome": {
      "options": {
        "quiet": false,
        "reportFilename": "mochawesome",
        "saveHtml": false,
        "saveJson": true,
        "consoleReporter": "spec",
        "useInlineDiffs": false,
        "code": true
      },
      "version": "7.1.3"
    },
    "marge": {
      "options": {
        "charts": true,
        "overwrite": true,
        "html": false,
        "json": true,
        "reportDir": "cypress/report/mochawesome-report"
      },
      "version": "6.2.0"
    }
  }
}